Using pre-set license
Desktop is 3840 x 1229 @ 60 Hz

 COMMAND LINE ARGUMENTS:
Unity
-adb2
-batchMode
-noUpm
-name
AssetImportWorker0
-projectPath
/mnt/e1f370b5-10ff-4e2b-aef5-3e6ffea95c75/Hack-Club-Project/Code/Hack Club Project - Unity
-logFile
Logs/AssetImportWorker0.log
-srvPort
33171
Successfully changed project path to: /mnt/e1f370b5-10ff-4e2b-aef5-3e6ffea95c75/Hack-Club-Project/Code/Hack Club Project - Unity
/mnt/e1f370b5-10ff-4e2b-aef5-3e6ffea95c75/Hack-Club-Project/Code/Hack Club Project - Unity
Using Asset Import Pipeline V2.
Refreshing native plugins compatible for Editor in 23.96 ms, found 1 plugins.
Preloading 0 native plugins for Editor in 0.00 ms.
Initialize engine version: 2020.3.7f1 (dd97f2c94397)
[Subsystems] Discovering subsystems at path /mnt/e1f370b5-10ff-4e2b-aef5-3e6ffea95c75/Unity/editors/2020.3.7f1/Editor/Data/Resources/UnitySubsystems
[Subsystems] Discovering subsystems at path /mnt/e1f370b5-10ff-4e2b-aef5-3e6ffea95c75/Hack-Club-Project/Code/Hack Club Project - Unity/Assets
GLX Extensions: GLX_ARB_create_context GLX_ARB_create_context_no_error GLX_ARB_create_context_profile GLX_ARB_create_context_robustness GLX_ARB_fbconfig_float GLX_ARB_framebuffer_sRGB GLX_ARB_get_proc_address GLX_ARB_multisample GLX_EXT_buffer_age GLX_EXT_create_context_es2_profile GLX_EXT_create_context_es_profile GLX_EXT_fbconfig_packed_float GLX_EXT_framebuffer_sRGB GLX_EXT_import_context GLX_EXT_swap_control GLX_EXT_swap_control_tear GLX_EXT_texture_from_pixmap GLX_EXT_visual_info GLX_EXT_visual_rating GLX_INTEL_swap_event GLX_MESA_copy_sub_buffer GLX_MESA_query_renderer GLX_MESA_swap_control GLX_OML_swap_method GLX_OML_sync_control GLX_SGIS_multisample GLX_SGIX_fbconfig GLX_SGIX_pbuffer GLX_SGIX_visual_select_group GLX_SGI_make_current_read GLX_SGI_swap_control GLX_SGI_video_sync 
Renderer: AMD Radeon RX 5600 XT (NAVI10, DRM 3.40.0, 5.4.0-131-generic, LLVM 11.0.1)
Vendor:   AMD
Version:  4.6 (Core Profile) Mesa 20.3.4
GLES:     0
 GL_AMD_conservative_depth GL_AMD_depth_clamp_separate GL_AMD_draw_buffers_blend GL_AMD_framebuffer_multisample_advanced GL_AMD_gpu_shader_int64 GL_AMD_multi_draw_indirect GL_AMD_performance_monitor GL_AMD_pinned_memory GL_AMD_query_buffer_object GL_AMD_seamless_cubemap_per_texture GL_AMD_shader_stencil_export GL_AMD_shader_trinary_minmax GL_AMD_texture_texture4 GL_AMD_vertex_shader_layer GL_AMD_vertex_shader_viewport_index GL_ANGLE_texture_compression_dxt3 GL_ANGLE_texture_compression_dxt5 GL_ARB_ES2_compatibility GL_ARB_ES3_1_compatibility GL_ARB_ES3_2_compatibility GL_ARB_ES3_compatibility GL_ARB_arrays_of_arrays GL_ARB_base_instance GL_ARB_bindless_texture GL_ARB_blend_func_extended GL_ARB_buffer_storage GL_ARB_clear_buffer_object GL_ARB_clear_texture GL_ARB_clip_control GL_ARB_color_buffer_float GL_ARB_compressed_texture_pixel_storage GL_ARB_compute_shader GL_ARB_compute_variable_group_size GL_ARB_conditional_render_inverted GL_ARB_conservative_depth GL_ARB_copy_buffer GL_ARB_copy_image GL_ARB_cull_dist
ance GL_ARB_debug_output GL_ARB_depth_buffer_float GL_ARB_depth_clamp GL_ARB_derivative_control GL_ARB_direct_state_access GL_ARB_draw_buffers GL_ARB_draw_buffers_blend GL_ARB_draw_elements_base_vertex GL_ARB_draw_indirect GL_ARB_draw_instanced GL_ARB_enhanced_layouts GL_ARB_explicit_attrib_location GL_ARB_explicit_uniform_location GL_ARB_fragment_coord_conventions GL_ARB_fragment_layer_viewport GL_ARB_fragment_shader GL_ARB_framebuffer_no_attachments GL_ARB_framebuffer_object GL_ARB_framebuffer_sRGB GL_ARB_get_program_binary GL_ARB_get_texture_sub_image GL_ARB_gl_spirv GL_ARB_gpu_shader5 GL_ARB_gpu_shader_fp64 GL_ARB_gpu_shader_int64 GL_ARB_half_float_pixel GL_ARB_half_float_vertex GL_ARB_indirect_parameters GL_ARB_instanced_arrays GL_ARB_internalformat_query GL_ARB_internalformat_query2 GL_ARB_invalidate_subdata GL_ARB_map_buffer_alignment GL_ARB_map_buffer_range GL_ARB_multi_bind GL_ARB_multi_draw_indirect GL_ARB_occlusion_query2 GL_ARB_parallel_shader_compile GL_ARB_pipeline_statistics_query GL_ARB_pixel
_buffer_object GL_ARB_point_sprite GL_ARB_polygon_offset_clamp GL_ARB_post_depth_coverage GL_ARB_program_interface_query GL_ARB_provoking_vertex GL_ARB_query_buffer_object GL_ARB_robust_buffer_access_behavior GL_ARB_robustness GL_ARB_sample_shading GL_ARB_sampler_objects GL_ARB_seamless_cube_map GL_ARB_seamless_cubemap_per_texture GL_ARB_separate_shader_objects GL_ARB_shader_atomic_counter_ops GL_ARB_shader_atomic_counters GL_ARB_shader_ballot GL_ARB_shader_bit_encoding GL_ARB_shader_clock GL_ARB_shader_draw_parameters GL_ARB_shader_group_vote GL_ARB_shader_image_load_store GL_ARB_shader_image_size GL_ARB_shader_objects GL_ARB_shader_precision GL_ARB_shader_stencil_export GL_ARB_shader_storage_buffer_object GL_ARB_shader_subroutine GL_ARB_shader_texture_image_samples GL_ARB_shader_texture_lod GL_ARB_shader_viewport_layer_array GL_ARB_shading_language_420pack GL_ARB_shading_language_include GL_ARB_shading_language_packing GL_ARB_sparse_buffer GL_ARB_spirv_extensions GL_ARB_stencil_texturing GL_ARB_sync GL_ARB
_tessellation_shader GL_ARB_texture_barrier GL_ARB_texture_buffer_object GL_ARB_texture_buffer_object_rgb32 GL_ARB_texture_buffer_range GL_ARB_texture_compression_bptc GL_ARB_texture_compression_rgtc GL_ARB_texture_cube_map_array GL_ARB_texture_filter_anisotropic GL_ARB_texture_float GL_ARB_texture_gather GL_ARB_texture_mirror_clamp_to_edge GL_ARB_texture_multisample GL_ARB_texture_non_power_of_two GL_ARB_texture_query_levels GL_ARB_texture_query_lod GL_ARB_texture_rectangle GL_ARB_texture_rg GL_ARB_texture_rgb10_a2ui GL_ARB_texture_stencil8 GL_ARB_texture_storage GL_ARB_texture_storage_multisample GL_ARB_texture_swizzle GL_ARB_texture_view GL_ARB_timer_query GL_ARB_transform_feedback2 GL_ARB_transform_feedback3 GL_ARB_transform_feedback_instanced GL_ARB_transform_feedback_overflow_query GL_ARB_uniform_buffer_object GL_ARB_vertex_array_bgra GL_ARB_vertex_array_object GL_ARB_vertex_attrib_64bit GL_ARB_vertex_attrib_binding GL_ARB_vertex_buffer_object GL_ARB_vertex_shader GL_ARB_vertex_type_10f_11f_11f_rev GL_
ARB_vertex_type_2_10_10_10_rev GL_ARB_viewport_array GL_ATI_blend_equation_separate GL_ATI_meminfo GL_ATI_texture_float GL_ATI_texture_mirror_once GL_EXT_EGL_image_storage GL_EXT_EGL_sync GL_EXT_abgr GL_EXT_blend_equation_separate GL_EXT_depth_bounds_test GL_EXT_draw_buffers2 GL_EXT_draw_instanced GL_EXT_framebuffer_blit GL_EXT_framebuffer_multisample GL_EXT_framebuffer_multisample_blit_scaled GL_EXT_framebuffer_object GL_EXT_framebuffer_sRGB GL_EXT_memory_object GL_EXT_memory_object_fd GL_EXT_packed_depth_stencil GL_EXT_packed_float GL_EXT_pixel_buffer_object GL_EXT_polygon_offset_clamp GL_EXT_provoking_vertex GL_EXT_semaphore GL_EXT_semaphore_fd GL_EXT_shader_image_load_formatted GL_EXT_shader_image_load_store GL_EXT_shader_integer_mix GL_EXT_shader_samples_identical GL_EXT_texture_array GL_EXT_texture_compression_dxt1 GL_EXT_texture_compression_rgtc GL_EXT_texture_compression_s3tc GL_EXT_texture_filter_anisotropic GL_EXT_texture_integer GL_EXT_texture_mirror_clamp GL_EXT_texture_sRGB GL_EXT_texture_sRGB_R
8 GL_EXT_texture_sRGB_decode GL_EXT_texture_shadow_lod GL_EXT_texture_shared_exponent GL_EXT_texture_snorm GL_EXT_texture_swizzle GL_EXT_timer_query GL_EXT_transform_feedback GL_EXT_vertex_array_bgra GL_EXT_vertex_attrib_64bit GL_EXT_window_rectangles GL_IBM_multimode_draw_arrays GL_INTEL_blackhole_render GL_KHR_blend_equation_advanced GL_KHR_context_flush_control GL_KHR_debug GL_KHR_no_error GL_KHR_parallel_shader_compile GL_KHR_robust_buffer_access_behavior GL_KHR_robustness GL_KHR_texture_compression_astc_ldr GL_KHR_texture_compression_astc_sliced_3d GL_MESA_framebuffer_flip_y GL_MESA_pack_invert GL_MESA_shader_integer_functions GL_MESA_texture_signed_rgba GL_NVX_gpu_memory_info GL_NV_alpha_to_coverage_dither_control GL_NV_conditional_render GL_NV_copy_image GL_NV_depth_clamp GL_NV_packed_depth_stencil GL_NV_shader_atomic_int64 GL_NV_texture_barrier GL_NV_vdpau_interop GL_OES_EGL_image GL_S3_s3tc
OPENGL LOG: Creating OpenGL 4.6 graphics device ; Context level  <OpenGL 4.5> ; Context handle -753668096
Initialize mono
Mono path[0] = '/mnt/e1f370b5-10ff-4e2b-aef5-3e6ffea95c75/Unity/editors/2020.3.7f1/Editor/Data/Managed'
Mono path[1] = '/mnt/e1f370b5-10ff-4e2b-aef5-3e6ffea95c75/Unity/editors/2020.3.7f1/Editor/Data/MonoBleedingEdge/lib/mono/unityjit'
Mono config path = '/mnt/e1f370b5-10ff-4e2b-aef5-3e6ffea95c75/Unity/editors/2020.3.7f1/Editor/Data/MonoBleedingEdge/etc'
Using monoOptions --debugger-agent=transport=dt_socket,embedding=1,server=y,suspend=n,address=127.0.0.1:56894
Begin MonoManager ReloadAssembly
Registering precompiled unity dll's ...
Register platform support module: /mnt/e1f370b5-10ff-4e2b-aef5-3e6ffea95c75/Unity/editors/2020.3.7f1/Editor/Data/PlaybackEngines/MacStandaloneSupport/UnityEditor.OSXStandalone.Extensions.dll
Register platform support module: /mnt/e1f370b5-10ff-4e2b-aef5-3e6ffea95c75/Unity/editors/2020.3.7f1/Editor/Data/PlaybackEngines/LinuxStandaloneSupport/UnityEditor.LinuxStandalone.Extensions.dll
Registered in 0.000747 seconds.
Native extension for LinuxStandalone target not found
Native extension for OSXStandalone target not found
Refreshing native plugins compatible for Editor in 25.37 ms, found 1 plugins.
Preloading 0 native plugins for Editor in 0.00 ms.
Mono: successfully reloaded assembly
- Completed reload, in  0.576 seconds
Platform modules already initialized, skipping
Registering precompiled user dll's ...
Registered in 0.000313 seconds.
Begin MonoManager ReloadAssembly
Native extension for LinuxStandalone target not found
Native extension for OSXStandalone target not found
Refreshing native plugins compatible for Editor in 24.99 ms, found 1 plugins.
Preloading 0 native plugins for Editor in 0.00 ms.
Mono: successfully reloaded assembly
- Completed reload, in  0.595 seconds
Platform modules already initialized, skipping
========================================================================
Worker process is ready to serve import requests
Launched and connected shader compiler UnityShaderCompiler after 0.00 seconds
Refreshing native plugins compatible for Editor in 0.38 ms, found 1 plugins.
Preloading 0 native plugins for Editor in 0.00 ms.
Unloading 1817 Unused Serialized files (Serialized files now loaded: 0)
System memory in use before: 79.9 MB.
System memory in use after: 79.9 MB.

Unloading 19 unused Assets to reduce memory usage. Loaded Objects now: 2264.
Total: 2.581449 ms (FindLiveObjects: 0.173570 ms CreateObjectMapping: 0.046660 ms MarkObjects: 2.246109 ms  DeleteObjects: 0.114320 ms)

========================================================================
Received Import Request.
  path: Assets/Sprites/Boy-1.png
  artifactKey: Guid(528a6733554667ff6995bac93c9c47c3) Importer(815301076,1909f56bfc062723c751e8b465ee728b)
Start importing Assets/Sprites/Boy-1.png using Guid(528a6733554667ff6995bac93c9c47c3) Importer(815301076,1909f56bfc062723c751e8b465ee728b)  -> (artifact id: '9675442fa6c16d1f226d54d70e722039') in 0.092289 seconds
  Import took 0.095124 seconds .

========================================================================
Received Import Request.
  Time since last request: 0.000170 seconds.
  path: Assets/Sprites
  artifactKey: Guid(7ccbb79684e85591b80965df268ea1e8) Importer(815301076,1909f56bfc062723c751e8b465ee728b)
Start importing Assets/Sprites using Guid(7ccbb79684e85591b80965df268ea1e8) Importer(815301076,1909f56bfc062723c751e8b465ee728b)  -> (artifact id: 'd753e459bbdd7324e696ee5987f35352') in 0.000564 seconds
  Import took 0.002649 seconds .

========================================================================
Received Import Request.
  Time since last request: 20.864102 seconds.
  path: Assets/Sprites/Boy-1.png
  artifactKey: Guid(528a6733554667ff6995bac93c9c47c3) Importer(815301076,1909f56bfc062723c751e8b465ee728b)
Start importing Assets/Sprites/Boy-1.png using Guid(528a6733554667ff6995bac93c9c47c3) Importer(815301076,1909f56bfc062723c751e8b465ee728b)  -> (artifact id: '096b94309b590ba332e6c680b6117469') in 0.003147 seconds
  Import took 0.005567 seconds .

========================================================================
Received Import Request.
  Time since last request: 30.504623 seconds.
  path: Assets/Sprites/Boy-1.png
  artifactKey: Guid(528a6733554667ff6995bac93c9c47c3) Importer(815301076,1909f56bfc062723c751e8b465ee728b)
Start importing Assets/Sprites/Boy-1.png using Guid(528a6733554667ff6995bac93c9c47c3) Importer(815301076,1909f56bfc062723c751e8b465ee728b)  -> (artifact id: 'bc43f5ccf82ba5e7f703939faecd1480') in 0.002933 seconds
  Import took 0.005272 seconds .

========================================================================
Received Import Request.
  Time since last request: 8.764792 seconds.
  path: Assets/Sprites/Boy-1.png
  artifactKey: Guid(528a6733554667ff6995bac93c9c47c3) Importer(815301076,1909f56bfc062723c751e8b465ee728b)
Start importing Assets/Sprites/Boy-1.png using Guid(528a6733554667ff6995bac93c9c47c3) Importer(815301076,1909f56bfc062723c751e8b465ee728b)  -> (artifact id: 'f16b1dfad9f5628626d5e6e88d90ce85') in 0.002874 seconds
  Import took 0.005378 seconds .

========================================================================
Received Import Request.
  Time since last request: 28.688671 seconds.
  path: Assets/Sprites/Boy-1.png
  artifactKey: Guid(528a6733554667ff6995bac93c9c47c3) Importer(815301076,1909f56bfc062723c751e8b465ee728b)
Start importing Assets/Sprites/Boy-1.png using Guid(528a6733554667ff6995bac93c9c47c3) Importer(815301076,1909f56bfc062723c751e8b465ee728b)  -> (artifact id: '9931c85cc977b130b23881ccdf02eec8') in 0.003658 seconds
  Import took 0.006473 seconds .

========================================================================
Received Import Request.
  Time since last request: 0.008825 seconds.
  path: Assets/Sprites/Boy-1.png
  artifactKey: Guid(528a6733554667ff6995bac93c9c47c3) Importer(815301076,1909f56bfc062723c751e8b465ee728b)
Start importing Assets/Sprites/Boy-1.png using Guid(528a6733554667ff6995bac93c9c47c3) Importer(815301076,1909f56bfc062723c751e8b465ee728b)  -> (artifact id: '9931c85cc977b130b23881ccdf02eec8') in 0.002440 seconds
  Import took 0.004140 seconds .

========================================================================
Received Prepare
Registering precompiled user dll's ...
Registered in 0.000319 seconds.
Begin MonoManager ReloadAssembly
Native extension for LinuxStandalone target not found
Native extension for OSXStandalone target not found
Refreshing native plugins compatible for Editor in 0.36 ms, found 1 plugins.
Preloading 0 native plugins for Editor in 0.00 ms.
Mono: successfully reloaded assembly
- Completed reload, in  0.541 seconds
Platform modules already initialized, skipping
Refreshing native plugins compatible for Editor in 0.34 ms, found 1 plugins.
Preloading 0 native plugins for Editor in 0.00 ms.
Unloading 1807 Unused Serialized files (Serialized files now loaded: 0)
System memory in use before: 80.7 MB.
System memory in use after: 80.8 MB.

Unloading 7 unused Assets to reduce memory usage. Loaded Objects now: 2274.
Total: 2.568069 ms (FindLiveObjects: 0.159610 ms CreateObjectMapping: 0.039500 ms MarkObjects: 2.332169 ms  DeleteObjects: 0.036060 ms)

========================================================================
Received Import Request.
  Time since last request: 53.399687 seconds.
  path: Assets/Sprites/Boy-1.png
  artifactKey: Guid(528a6733554667ff6995bac93c9c47c3) Importer(815301076,1909f56bfc062723c751e8b465ee728b)
Start importing Assets/Sprites/Boy-1.png using Guid(528a6733554667ff6995bac93c9c47c3) Importer(815301076,1909f56bfc062723c751e8b465ee728b)  -> (artifact id: '5f02af5000a0183fa7b98d10dc43869a') in 0.032468 seconds
  Import took 0.035243 seconds .

========================================================================
Received Import Request.
  Time since last request: 7.030844 seconds.
  path: Assets/Sprites/Boy-1.png
  artifactKey: Guid(528a6733554667ff6995bac93c9c47c3) Importer(815301076,1909f56bfc062723c751e8b465ee728b)
Start importing Assets/Sprites/Boy-1.png using Guid(528a6733554667ff6995bac93c9c47c3) Importer(815301076,1909f56bfc062723c751e8b465ee728b)  -> (artifact id: '094aaa1f71230321a05654e6d6fb798f') in 0.003151 seconds
  Import took 0.005604 seconds .

========================================================================
Received Import Request.
  Time since last request: 3.328459 seconds.
  path: Assets/Sprites/Boy-1.png
  artifactKey: Guid(528a6733554667ff6995bac93c9c47c3) Importer(815301076,1909f56bfc062723c751e8b465ee728b)
Start importing Assets/Sprites/Boy-1.png using Guid(528a6733554667ff6995bac93c9c47c3) Importer(815301076,1909f56bfc062723c751e8b465ee728b)  -> (artifact id: 'db0f75ccbeee97ade229634d24a28cdb') in 0.003694 seconds
  Import took 0.006637 seconds .

========================================================================
Received Import Request.
  Time since last request: 29.810099 seconds.
  path: Assets/Sprites/Boy-1 1.png
  artifactKey: Guid(a08a5cf49a0beda1392f60a4a99bc5ef) Importer(815301076,1909f56bfc062723c751e8b465ee728b)
Start importing Assets/Sprites/Boy-1 1.png using Guid(a08a5cf49a0beda1392f60a4a99bc5ef) Importer(815301076,1909f56bfc062723c751e8b465ee728b)  -> (artifact id: 'f69e11465f9b63d3c5ca0f083bd32af2') in 0.003340 seconds
  Import took 0.005981 seconds .

AssetImportWorkerClient::OnTransportError - code=2 error=End of file
