Using pre-set license

 COMMAND LINE ARGUMENTS:
/Applications/Unity/Unity.app/Contents/MacOS/Unity
-adb2
-batchMode
-noUpm
-name
AssetImportWorker0
-projectPath
/Users/24paulsl/Documents/GitHub/Hack-Club-Project/Code/Example Project
-logFile
Logs/AssetImportWorker0.log
-srvPort
49414
Successfully changed project path to: /Users/24paulsl/Documents/GitHub/Hack-Club-Project/Code/Example Project
/Users/24paulsl/Documents/GitHub/Hack-Club-Project/Code/Example Project
Using Asset Import Pipeline V2.
Refreshing native plugins compatible for Editor in 34.07 ms, found 2 plugins.
Preloading 0 native plugins for Editor in 0.00 ms.
Initialize engine version: 2020.3.7f1 (dd97f2c94397)
[Subsystems] Discovering subsystems at path /Applications/Unity/Unity.app/Contents/Resources/UnitySubsystems
[Subsystems] Discovering subsystems at path /Users/24paulsl/Documents/GitHub/Hack-Club-Project/Code/Example Project/Assets
GfxDevice: creating device client; threaded=0
2022-11-16 12:01:28.766 Unity[809:9520] (null) preferred device: Apple M1 (high power)
2022-11-16 12:01:28.766 Unity[809:9520] Metal devices available: 1
2022-11-16 12:01:28.766 Unity[809:9520] 0: Apple M1 (high power)
2022-11-16 12:01:28.767 Unity[809:9520] Using device Apple M1 (high power)
Initializing Metal device caps: Apple M1
Initialize mono
Mono path[0] = '/Applications/Unity/Unity.app/Contents/Managed'
Mono path[1] = '/Applications/Unity/Unity.app/Contents/MonoBleedingEdge/lib/mono/unityjit'
Mono config path = '/Applications/Unity/Unity.app/Contents/MonoBleedingEdge/etc'
Using monoOptions --debugger-agent=transport=dt_socket,embedding=1,server=y,suspend=n,address=127.0.0.1:56809
Begin MonoManager ReloadAssembly
Registering precompiled unity dll's ...
Register platform support module: /Applications/Unity/Unity.app/Contents/PlaybackEngines/MacStandaloneSupport/UnityEditor.OSXStandalone.Extensions.dll
Registered in 0.000346 seconds.
Native extension for OSXStandalone target not found
Refreshing native plugins compatible for Editor in 35.71 ms, found 2 plugins.
Preloading 0 native plugins for Editor in 0.00 ms.
Mono: successfully reloaded assembly
- Completed reload, in  1.974 seconds
Platform modules already initialized, skipping
Registering precompiled user dll's ...
Registered in 0.000325 seconds.
Begin MonoManager ReloadAssembly
Native extension for OSXStandalone target not found
Refreshing native plugins compatible for Editor in 38.62 ms, found 2 plugins.
Preloading 0 native plugins for Editor in 0.00 ms.
Mono: successfully reloaded assembly
- Completed reload, in  2.216 seconds
Platform modules already initialized, skipping
========================================================================
Worker process is ready to serve import requests
Launching external process: /Applications/Unity/Unity.app/Contents/Tools/UnityShaderCompiler
Launched and connected shader compiler UnityShaderCompiler after 0.04 seconds
Refreshing native plugins compatible for Editor in 0.85 ms, found 2 plugins.
Preloading 0 native plugins for Editor in 0.00 ms.
Unloading 1809 Unused Serialized files (Serialized files now loaded: 0)
System memory in use before: 142.3 MB.
System memory in use after: 142.2 MB.

Unloading 24 unused Assets to reduce memory usage. Loaded Objects now: 2251.
Total: 1.583708 ms (FindLiveObjects: 0.212000 ms CreateObjectMapping: 0.037584 ms MarkObjects: 1.213791 ms  DeleteObjects: 0.119500 ms)

========================================================================
Received Import Request.
  path: Assets/Scripts/demoScriot.cs
  artifactKey: Guid(704f043e884be4bda906ee3a10e32342) Importer(815301076,1909f56bfc062723c751e8b465ee728b)
Start importing Assets/Scripts/demoScriot.cs using Guid(704f043e884be4bda906ee3a10e32342) Importer(815301076,1909f56bfc062723c751e8b465ee728b)  -> (artifact id: 'a86c2584ac279387f9a80953c8c7950d') in 0.548132 seconds
  Import took 0.550890 seconds .

========================================================================
Received Prepare
Registering precompiled user dll's ...
Registered in 0.000341 seconds.
Begin MonoManager ReloadAssembly
Native extension for OSXStandalone target not found
Refreshing native plugins compatible for Editor in 0.30 ms, found 2 plugins.
Preloading 0 native plugins for Editor in 0.00 ms.
Mono: successfully reloaded assembly
- Completed reload, in  1.748 seconds
Platform modules already initialized, skipping
Refreshing native plugins compatible for Editor in 0.20 ms, found 2 plugins.
Preloading 0 native plugins for Editor in 0.00 ms.
Unloading 1804 Unused Serialized files (Serialized files now loaded: 0)
System memory in use before: 146.8 MB.
System memory in use after: 146.8 MB.

Unloading 12 unused Assets to reduce memory usage. Loaded Objects now: 2255.
Total: 1.415916 ms (FindLiveObjects: 0.100750 ms CreateObjectMapping: 0.037333 ms MarkObjects: 1.187125 ms  DeleteObjects: 0.090000 ms)

========================================================================
Received Import Request.
  Time since last request: 602.251263 seconds.
  path: Assets/Scripts/demoScriot.cs
  artifactKey: Guid(704f043e884be4bda906ee3a10e32342) Importer(815301076,1909f56bfc062723c751e8b465ee728b)
Start importing Assets/Scripts/demoScriot.cs using Guid(704f043e884be4bda906ee3a10e32342) Importer(815301076,1909f56bfc062723c751e8b465ee728b)  -> (artifact id: '2d3798d1b34cdbdf2d4e7dddb81b044b') in 0.005958 seconds
  Import took 0.008278 seconds .

========================================================================
Received Import Request.
  Time since last request: 0.059372 seconds.
  path: Assets/Scripts/demoScriot.cs
  artifactKey: Guid(704f043e884be4bda906ee3a10e32342) Importer(815301076,1909f56bfc062723c751e8b465ee728b)
Start importing Assets/Scripts/demoScriot.cs using Guid(704f043e884be4bda906ee3a10e32342) Importer(815301076,1909f56bfc062723c751e8b465ee728b)  -> (artifact id: '2d3798d1b34cdbdf2d4e7dddb81b044b') in 0.001103 seconds
  Import took 0.003445 seconds .

========================================================================
Received Prepare
Registering precompiled user dll's ...
Registered in 0.000850 seconds.
Begin MonoManager ReloadAssembly
Native extension for OSXStandalone target not found
Refreshing native plugins compatible for Editor in 0.29 ms, found 2 plugins.
Preloading 0 native plugins for Editor in 0.00 ms.
Mono: successfully reloaded assembly
- Completed reload, in  1.716 seconds
Platform modules already initialized, skipping
Refreshing native plugins compatible for Editor in 0.20 ms, found 2 plugins.
Preloading 0 native plugins for Editor in 0.00 ms.
Unloading 1804 Unused Serialized files (Serialized files now loaded: 0)
System memory in use before: 147.1 MB.
System memory in use after: 147.0 MB.

Unloading 12 unused Assets to reduce memory usage. Loaded Objects now: 2259.
Total: 1.382792 ms (FindLiveObjects: 0.097125 ms CreateObjectMapping: 0.034458 ms MarkObjects: 1.163167 ms  DeleteObjects: 0.087333 ms)

========================================================================
Received Prepare
Registering precompiled user dll's ...
Registered in 0.000337 seconds.
Begin MonoManager ReloadAssembly
Native extension for OSXStandalone target not found
Refreshing native plugins compatible for Editor in 0.29 ms, found 2 plugins.
Preloading 0 native plugins for Editor in 0.00 ms.
Mono: successfully reloaded assembly
- Completed reload, in  1.756 seconds
Platform modules already initialized, skipping
Refreshing native plugins compatible for Editor in 0.20 ms, found 2 plugins.
Preloading 0 native plugins for Editor in 0.00 ms.
Unloading 1804 Unused Serialized files (Serialized files now loaded: 0)
System memory in use before: 147.3 MB.
System memory in use after: 147.2 MB.

Unloading 12 unused Assets to reduce memory usage. Loaded Objects now: 2263.
Total: 1.374000 ms (FindLiveObjects: 0.102500 ms CreateObjectMapping: 0.035708 ms MarkObjects: 1.142875 ms  DeleteObjects: 0.092333 ms)

========================================================================
Received Import Request.
  Time since last request: 509.824622 seconds.
  path: Assets/Scripts/demoScriot.cs
  artifactKey: Guid(704f043e884be4bda906ee3a10e32342) Importer(815301076,1909f56bfc062723c751e8b465ee728b)
Start importing Assets/Scripts/demoScriot.cs using Guid(704f043e884be4bda906ee3a10e32342) Importer(815301076,1909f56bfc062723c751e8b465ee728b)  -> (artifact id: '78181995b21eb27be9dc7154046b8b07') in 0.005748 seconds
  Import took 0.007959 seconds .

========================================================================
Received Prepare
Registering precompiled user dll's ...
Registered in 0.000419 seconds.
Begin MonoManager ReloadAssembly
Native extension for OSXStandalone target not found
Refreshing native plugins compatible for Editor in 0.29 ms, found 2 plugins.
Preloading 0 native plugins for Editor in 0.00 ms.
Mono: successfully reloaded assembly
- Completed reload, in  1.705 seconds
Platform modules already initialized, skipping
Refreshing native plugins compatible for Editor in 0.26 ms, found 2 plugins.
Preloading 0 native plugins for Editor in 0.00 ms.
Unloading 1804 Unused Serialized files (Serialized files now loaded: 0)
System memory in use before: 147.5 MB.
System memory in use after: 147.4 MB.

Unloading 12 unused Assets to reduce memory usage. Loaded Objects now: 2267.
Total: 1.430541 ms (FindLiveObjects: 0.144708 ms CreateObjectMapping: 0.035250 ms MarkObjects: 1.157375 ms  DeleteObjects: 0.092375 ms)

========================================================================
Received Import Request.
  Time since last request: 299.983933 seconds.
  path: Assets/Scripts/Movement Script.cs
  artifactKey: Guid(bf494821e78f844389a2584f64e46bb7) Importer(815301076,1909f56bfc062723c751e8b465ee728b)
Start importing Assets/Scripts/Movement Script.cs using Guid(bf494821e78f844389a2584f64e46bb7) Importer(815301076,1909f56bfc062723c751e8b465ee728b)  -> (artifact id: 'ce89601b7cffcc892ea7af55e9215432') in 0.007255 seconds
  Import took 0.009658 seconds .

========================================================================
Received Prepare
Registering precompiled user dll's ...
Registered in 0.000324 seconds.
Begin MonoManager ReloadAssembly
Native extension for OSXStandalone target not found
Refreshing native plugins compatible for Editor in 0.30 ms, found 2 plugins.
Preloading 0 native plugins for Editor in 0.00 ms.
Mono: successfully reloaded assembly
- Completed reload, in  1.793 seconds
Platform modules already initialized, skipping
Refreshing native plugins compatible for Editor in 0.19 ms, found 2 plugins.
Preloading 0 native plugins for Editor in 0.00 ms.
Unloading 1805 Unused Serialized files (Serialized files now loaded: 0)
System memory in use before: 147.7 MB.
System memory in use after: 147.6 MB.

Unloading 12 unused Assets to reduce memory usage. Loaded Objects now: 2272.
Total: 1.395958 ms (FindLiveObjects: 0.094000 ms CreateObjectMapping: 0.034458 ms MarkObjects: 1.172958 ms  DeleteObjects: 0.093875 ms)

========================================================================
Received Prepare
Registering precompiled user dll's ...
Registered in 0.000357 seconds.
Begin MonoManager ReloadAssembly
Native extension for OSXStandalone target not found
Refreshing native plugins compatible for Editor in 0.30 ms, found 2 plugins.
Preloading 0 native plugins for Editor in 0.00 ms.
Mono: successfully reloaded assembly
- Completed reload, in  1.771 seconds
Platform modules already initialized, skipping
Refreshing native plugins compatible for Editor in 0.20 ms, found 2 plugins.
Preloading 0 native plugins for Editor in 0.00 ms.
Unloading 1806 Unused Serialized files (Serialized files now loaded: 0)
System memory in use before: 147.9 MB.
System memory in use after: 147.9 MB.

Unloading 12 unused Assets to reduce memory usage. Loaded Objects now: 2277.
Total: 1.434334 ms (FindLiveObjects: 0.117500 ms CreateObjectMapping: 0.036750 ms MarkObjects: 1.181458 ms  DeleteObjects: 0.097541 ms)

========================================================================
Received Prepare
Registering precompiled user dll's ...
Registered in 0.000654 seconds.
Begin MonoManager ReloadAssembly
Native extension for OSXStandalone target not found
Refreshing native plugins compatible for Editor in 0.30 ms, found 2 plugins.
Preloading 0 native plugins for Editor in 0.00 ms.
Mono: successfully reloaded assembly
- Completed reload, in  1.742 seconds
Platform modules already initialized, skipping
Refreshing native plugins compatible for Editor in 0.22 ms, found 2 plugins.
Preloading 0 native plugins for Editor in 0.00 ms.
Unloading 1805 Unused Serialized files (Serialized files now loaded: 0)
System memory in use before: 148.1 MB.
System memory in use after: 148.0 MB.

Unloading 13 unused Assets to reduce memory usage. Loaded Objects now: 2280.
Total: 1.352666 ms (FindLiveObjects: 0.116000 ms CreateObjectMapping: 0.035084 ms MarkObjects: 1.115041 ms  DeleteObjects: 0.085708 ms)

========================================================================
Received Prepare
Registering precompiled user dll's ...
Registered in 0.000607 seconds.
Begin MonoManager ReloadAssembly
Native extension for OSXStandalone target not found
Refreshing native plugins compatible for Editor in 0.29 ms, found 2 plugins.
Preloading 0 native plugins for Editor in 0.00 ms.
Mono: successfully reloaded assembly
- Completed reload, in  1.833 seconds
Platform modules already initialized, skipping
Refreshing native plugins compatible for Editor in 0.31 ms, found 2 plugins.
Preloading 0 native plugins for Editor in 0.00 ms.
Unloading 1805 Unused Serialized files (Serialized files now loaded: 0)
System memory in use before: 148.3 MB.
System memory in use after: 148.3 MB.

Unloading 12 unused Assets to reduce memory usage. Loaded Objects now: 2284.
Total: 1.433083 ms (FindLiveObjects: 0.149166 ms CreateObjectMapping: 0.036417 ms MarkObjects: 1.146666 ms  DeleteObjects: 0.099666 ms)

========================================================================
Received Import Request.
  Time since last request: 150.294623 seconds.
  path: Assets/Scripts/movementScript.cs
  artifactKey: Guid(d327f3e13a3f14bad9f8bd6d3267e5fa) Importer(815301076,1909f56bfc062723c751e8b465ee728b)
Start importing Assets/Scripts/movementScript.cs using Guid(d327f3e13a3f14bad9f8bd6d3267e5fa) Importer(815301076,1909f56bfc062723c751e8b465ee728b)  -> (artifact id: '4ef92540f546865c5faea8a70f231872') in 0.005093 seconds
  Import took 0.007619 seconds .

========================================================================
Received Import Request.
  Time since last request: 0.014052 seconds.
  path: Assets/Scripts/movementScript.cs
  artifactKey: Guid(d327f3e13a3f14bad9f8bd6d3267e5fa) Importer(815301076,1909f56bfc062723c751e8b465ee728b)
Start importing Assets/Scripts/movementScript.cs using Guid(d327f3e13a3f14bad9f8bd6d3267e5fa) Importer(815301076,1909f56bfc062723c751e8b465ee728b)  -> (artifact id: '4ef92540f546865c5faea8a70f231872') in 0.000911 seconds
  Import took 0.003170 seconds .

========================================================================
Received Prepare
Registering precompiled user dll's ...
Registered in 0.001220 seconds.
Begin MonoManager ReloadAssembly
Native extension for OSXStandalone target not found
Refreshing native plugins compatible for Editor in 0.30 ms, found 2 plugins.
Preloading 0 native plugins for Editor in 0.00 ms.
Mono: successfully reloaded assembly
- Completed reload, in  1.777 seconds
Platform modules already initialized, skipping
Refreshing native plugins compatible for Editor in 0.18 ms, found 2 plugins.
Preloading 0 native plugins for Editor in 0.00 ms.
Unloading 1805 Unused Serialized files (Serialized files now loaded: 0)
System memory in use before: 148.5 MB.
System memory in use after: 148.4 MB.

Unloading 12 unused Assets to reduce memory usage. Loaded Objects now: 2288.
Total: 1.345833 ms (FindLiveObjects: 0.097333 ms CreateObjectMapping: 0.035208 ms MarkObjects: 1.120792 ms  DeleteObjects: 0.091708 ms)

========================================================================
Received Import Request.
  Time since last request: 475.346921 seconds.
  path: Assets/Scripts/movementScript.cs
  artifactKey: Guid(d327f3e13a3f14bad9f8bd6d3267e5fa) Importer(815301076,1909f56bfc062723c751e8b465ee728b)
Start importing Assets/Scripts/movementScript.cs using Guid(d327f3e13a3f14bad9f8bd6d3267e5fa) Importer(815301076,1909f56bfc062723c751e8b465ee728b)  -> (artifact id: 'eda322c5307591ae1f7bfdacc7f61587') in 0.005299 seconds
  Import took 0.007543 seconds .

========================================================================
Received Prepare
Registering precompiled user dll's ...
Registered in 0.000887 seconds.
Begin MonoManager ReloadAssembly
Native extension for OSXStandalone target not found
Refreshing native plugins compatible for Editor in 0.30 ms, found 2 plugins.
Preloading 0 native plugins for Editor in 0.00 ms.
Mono: successfully reloaded assembly
- Completed reload, in  1.691 seconds
Platform modules already initialized, skipping
Refreshing native plugins compatible for Editor in 0.19 ms, found 2 plugins.
Preloading 0 native plugins for Editor in 0.00 ms.
Unloading 1805 Unused Serialized files (Serialized files now loaded: 0)
System memory in use before: 148.7 MB.
System memory in use after: 148.7 MB.

Unloading 12 unused Assets to reduce memory usage. Loaded Objects now: 2292.
Total: 1.444125 ms (FindLiveObjects: 0.115458 ms CreateObjectMapping: 0.037833 ms MarkObjects: 1.194875 ms  DeleteObjects: 0.095417 ms)

