Using pre-set license

 COMMAND LINE ARGUMENTS:
/Applications/Unity/Unity.app/Contents/MacOS/Unity
-adb2
-batchMode
-noUpm
-name
AssetImportWorker0
-projectPath
/Users/24paulsl/Documents/GitHub/Hack-Club-Project/Code/Example Project
-logFile
Logs/AssetImportWorker0.log
-srvPort
49758
Successfully changed project path to: /Users/24paulsl/Documents/GitHub/Hack-Club-Project/Code/Example Project
/Users/24paulsl/Documents/GitHub/Hack-Club-Project/Code/Example Project
Using Asset Import Pipeline V2.
Refreshing native plugins compatible for Editor in 40.75 ms, found 2 plugins.
Preloading 0 native plugins for Editor in 0.00 ms.
Initialize engine version: 2020.3.7f1 (dd97f2c94397)
[Subsystems] Discovering subsystems at path /Applications/Unity/Unity.app/Contents/Resources/UnitySubsystems
[Subsystems] Discovering subsystems at path /Users/24paulsl/Documents/GitHub/Hack-Club-Project/Code/Example Project/Assets
GfxDevice: creating device client; threaded=0
2022-11-09 12:18:41.237 Unity[1154:21893] (null) preferred device: Apple M1 (high power)
2022-11-09 12:18:41.237 Unity[1154:21893] Metal devices available: 1
2022-11-09 12:18:41.237 Unity[1154:21893] 0: Apple M1 (high power)
2022-11-09 12:18:41.237 Unity[1154:21893] Using device Apple M1 (high power)
Initializing Metal device caps: Apple M1
Initialize mono
Mono path[0] = '/Applications/Unity/Unity.app/Contents/Managed'
Mono path[1] = '/Applications/Unity/Unity.app/Contents/MonoBleedingEdge/lib/mono/unityjit'
Mono config path = '/Applications/Unity/Unity.app/Contents/MonoBleedingEdge/etc'
Using monoOptions --debugger-agent=transport=dt_socket,embedding=1,server=y,suspend=n,address=127.0.0.1:56154
Begin MonoManager ReloadAssembly
Registering precompiled unity dll's ...
Register platform support module: /Applications/Unity/Unity.app/Contents/PlaybackEngines/MacStandaloneSupport/UnityEditor.OSXStandalone.Extensions.dll
Registered in 0.000335 seconds.
Native extension for OSXStandalone target not found
Refreshing native plugins compatible for Editor in 32.94 ms, found 2 plugins.
Preloading 0 native plugins for Editor in 0.00 ms.
Mono: successfully reloaded assembly
- Completed reload, in  1.932 seconds
Platform modules already initialized, skipping
Registering precompiled user dll's ...
Registered in 0.001315 seconds.
Begin MonoManager ReloadAssembly
Native extension for OSXStandalone target not found
Refreshing native plugins compatible for Editor in 33.99 ms, found 2 plugins.
Preloading 0 native plugins for Editor in 0.00 ms.
Mono: successfully reloaded assembly
- Completed reload, in  1.987 seconds
Platform modules already initialized, skipping
========================================================================
Worker process is ready to serve import requests
Launching external process: /Applications/Unity/Unity.app/Contents/Tools/UnityShaderCompiler
Launched and connected shader compiler UnityShaderCompiler after 0.03 seconds
Refreshing native plugins compatible for Editor in 0.28 ms, found 2 plugins.
Preloading 0 native plugins for Editor in 0.00 ms.
Unloading 1809 Unused Serialized files (Serialized files now loaded: 0)
System memory in use before: 142.4 MB.
System memory in use after: 142.3 MB.

Unloading 24 unused Assets to reduce memory usage. Loaded Objects now: 2251.
Total: 1.550083 ms (FindLiveObjects: 0.184667 ms CreateObjectMapping: 0.036625 ms MarkObjects: 1.216708 ms  DeleteObjects: 0.110709 ms)

========================================================================
Received Import Request.
  path: Assets/Scripts/demoScriot.cs
  artifactKey: Guid(704f043e884be4bda906ee3a10e32342) Importer(815301076,1909f56bfc062723c751e8b465ee728b)
Start importing Assets/Scripts/demoScriot.cs using Guid(704f043e884be4bda906ee3a10e32342) Importer(815301076,1909f56bfc062723c751e8b465ee728b)  -> (artifact id: '2d6c4641c43ef25754e660bf5174a9e5') in 0.211519 seconds
  Import took 0.214313 seconds .

========================================================================
Received Prepare
Registering precompiled user dll's ...
Registered in 0.000373 seconds.
Begin MonoManager ReloadAssembly
Native extension for OSXStandalone target not found
Refreshing native plugins compatible for Editor in 0.29 ms, found 2 plugins.
Preloading 0 native plugins for Editor in 0.00 ms.
Mono: successfully reloaded assembly
- Completed reload, in  1.767 seconds
Platform modules already initialized, skipping
Refreshing native plugins compatible for Editor in 0.22 ms, found 2 plugins.
Preloading 0 native plugins for Editor in 0.00 ms.
Unloading 1804 Unused Serialized files (Serialized files now loaded: 0)
System memory in use before: 146.8 MB.
System memory in use after: 146.8 MB.

Unloading 12 unused Assets to reduce memory usage. Loaded Objects now: 2255.
Total: 1.342416 ms (FindLiveObjects: 0.106375 ms CreateObjectMapping: 0.035125 ms MarkObjects: 1.112666 ms  DeleteObjects: 0.087625 ms)

========================================================================
Received Import Request.
  Time since last request: 530.441306 seconds.
  path: Assets/Scripts/demoScriot.cs
  artifactKey: Guid(704f043e884be4bda906ee3a10e32342) Importer(815301076,1909f56bfc062723c751e8b465ee728b)
Start importing Assets/Scripts/demoScriot.cs using Guid(704f043e884be4bda906ee3a10e32342) Importer(815301076,1909f56bfc062723c751e8b465ee728b)  -> (artifact id: '1640959d0c4b96fbcd47bbdd24438d1f') in 0.006506 seconds
  Import took 0.008710 seconds .

========================================================================
Received Prepare
Registering precompiled user dll's ...
Registered in 0.000339 seconds.
Begin MonoManager ReloadAssembly
Native extension for OSXStandalone target not found
Refreshing native plugins compatible for Editor in 0.29 ms, found 2 plugins.
Preloading 0 native plugins for Editor in 0.00 ms.
Mono: successfully reloaded assembly
- Completed reload, in  1.716 seconds
Platform modules already initialized, skipping
Refreshing native plugins compatible for Editor in 0.26 ms, found 2 plugins.
Preloading 0 native plugins for Editor in 0.00 ms.
Unloading 1804 Unused Serialized files (Serialized files now loaded: 0)
System memory in use before: 147.0 MB.
System memory in use after: 147.0 MB.

Unloading 12 unused Assets to reduce memory usage. Loaded Objects now: 2259.
Total: 1.373459 ms (FindLiveObjects: 0.120833 ms CreateObjectMapping: 0.035750 ms MarkObjects: 1.129041 ms  DeleteObjects: 0.087209 ms)

========================================================================
Received Import Request.
  Time since last request: 392.876216 seconds.
  path: Assets/Scripts/demoScriot.cs
  artifactKey: Guid(704f043e884be4bda906ee3a10e32342) Importer(815301076,1909f56bfc062723c751e8b465ee728b)
Start importing Assets/Scripts/demoScriot.cs using Guid(704f043e884be4bda906ee3a10e32342) Importer(815301076,1909f56bfc062723c751e8b465ee728b)  -> (artifact id: '2cd9eda38308952bddd5930d193f1053') in 0.005915 seconds
  Import took 0.008538 seconds .

========================================================================
Received Prepare
Registering precompiled user dll's ...
Registered in 0.000612 seconds.
Begin MonoManager ReloadAssembly
Native extension for OSXStandalone target not found
Refreshing native plugins compatible for Editor in 0.30 ms, found 2 plugins.
Preloading 0 native plugins for Editor in 0.00 ms.
Mono: successfully reloaded assembly
- Completed reload, in  1.752 seconds
Platform modules already initialized, skipping
Refreshing native plugins compatible for Editor in 0.22 ms, found 2 plugins.
Preloading 0 native plugins for Editor in 0.00 ms.
Unloading 1804 Unused Serialized files (Serialized files now loaded: 0)
System memory in use before: 147.2 MB.
System memory in use after: 147.2 MB.

Unloading 12 unused Assets to reduce memory usage. Loaded Objects now: 2263.
Total: 1.448000 ms (FindLiveObjects: 0.119666 ms CreateObjectMapping: 0.037625 ms MarkObjects: 1.199292 ms  DeleteObjects: 0.090792 ms)

========================================================================
Received Prepare
Registering precompiled user dll's ...
Registered in 0.000678 seconds.
Begin MonoManager ReloadAssembly
Native extension for OSXStandalone target not found
Refreshing native plugins compatible for Editor in 0.28 ms, found 2 plugins.
Preloading 0 native plugins for Editor in 0.00 ms.
Mono: successfully reloaded assembly
- Completed reload, in  1.715 seconds
Platform modules already initialized, skipping
Refreshing native plugins compatible for Editor in 0.21 ms, found 2 plugins.
Preloading 0 native plugins for Editor in 0.00 ms.
Unloading 1804 Unused Serialized files (Serialized files now loaded: 0)
System memory in use before: 147.4 MB.
System memory in use after: 147.4 MB.

Unloading 12 unused Assets to reduce memory usage. Loaded Objects now: 2267.
Total: 1.350833 ms (FindLiveObjects: 0.109750 ms CreateObjectMapping: 0.035250 ms MarkObjects: 1.114625 ms  DeleteObjects: 0.090583 ms)

========================================================================
Received Prepare
Registering precompiled user dll's ...
Registered in 0.000360 seconds.
Begin MonoManager ReloadAssembly
Native extension for OSXStandalone target not found
Refreshing native plugins compatible for Editor in 0.32 ms, found 2 plugins.
Preloading 0 native plugins for Editor in 0.00 ms.
Mono: successfully reloaded assembly
- Completed reload, in  1.767 seconds
Platform modules already initialized, skipping
Refreshing native plugins compatible for Editor in 0.21 ms, found 2 plugins.
Preloading 0 native plugins for Editor in 0.00 ms.
Unloading 1804 Unused Serialized files (Serialized files now loaded: 0)
System memory in use before: 147.6 MB.
System memory in use after: 147.6 MB.

Unloading 12 unused Assets to reduce memory usage. Loaded Objects now: 2271.
Total: 1.365834 ms (FindLiveObjects: 0.111042 ms CreateObjectMapping: 0.035000 ms MarkObjects: 1.130958 ms  DeleteObjects: 0.088000 ms)

========================================================================
Received Prepare
Registering precompiled user dll's ...
Registered in 0.000394 seconds.
Begin MonoManager ReloadAssembly
Native extension for OSXStandalone target not found
Refreshing native plugins compatible for Editor in 0.30 ms, found 2 plugins.
Preloading 0 native plugins for Editor in 0.00 ms.
Mono: successfully reloaded assembly
- Completed reload, in  1.757 seconds
Platform modules already initialized, skipping
Refreshing native plugins compatible for Editor in 0.27 ms, found 2 plugins.
Preloading 0 native plugins for Editor in 0.00 ms.
Unloading 1804 Unused Serialized files (Serialized files now loaded: 0)
System memory in use before: 147.8 MB.
System memory in use after: 147.8 MB.

Unloading 12 unused Assets to reduce memory usage. Loaded Objects now: 2275.
Total: 1.411333 ms (FindLiveObjects: 0.123500 ms CreateObjectMapping: 0.035083 ms MarkObjects: 1.156708 ms  DeleteObjects: 0.095167 ms)

========================================================================
Received Prepare
Registering precompiled user dll's ...
Registered in 0.000587 seconds.
Begin MonoManager ReloadAssembly
Native extension for OSXStandalone target not found
Refreshing native plugins compatible for Editor in 0.29 ms, found 2 plugins.
Preloading 0 native plugins for Editor in 0.00 ms.
Mono: successfully reloaded assembly
- Completed reload, in  1.735 seconds
Platform modules already initialized, skipping
Refreshing native plugins compatible for Editor in 0.32 ms, found 2 plugins.
Preloading 0 native plugins for Editor in 0.00 ms.
Unloading 1804 Unused Serialized files (Serialized files now loaded: 0)
System memory in use before: 148.0 MB.
System memory in use after: 148.0 MB.

Unloading 12 unused Assets to reduce memory usage. Loaded Objects now: 2279.
Total: 1.364167 ms (FindLiveObjects: 0.144875 ms CreateObjectMapping: 0.035042 ms MarkObjects: 1.094000 ms  DeleteObjects: 0.089459 ms)

========================================================================
Received Prepare
Registering precompiled user dll's ...
Registered in 0.000850 seconds.
Begin MonoManager ReloadAssembly
Native extension for OSXStandalone target not found
Refreshing native plugins compatible for Editor in 0.30 ms, found 2 plugins.
Preloading 0 native plugins for Editor in 0.00 ms.
Mono: successfully reloaded assembly
- Completed reload, in  1.697 seconds
Platform modules already initialized, skipping
Refreshing native plugins compatible for Editor in 0.22 ms, found 2 plugins.
Preloading 0 native plugins for Editor in 0.00 ms.
Unloading 1804 Unused Serialized files (Serialized files now loaded: 0)
System memory in use before: 148.3 MB.
System memory in use after: 148.3 MB.

Unloading 12 unused Assets to reduce memory usage. Loaded Objects now: 2283.
Total: 1.372958 ms (FindLiveObjects: 0.112792 ms CreateObjectMapping: 0.034791 ms MarkObjects: 1.134458 ms  DeleteObjects: 0.089708 ms)

